<?xml version="1.0" encoding="UTF-8"?>
<testsuite xmlns:xsi="http://www.w3.org/2001/XMLSchema-instance" xsi:schemaLocation="https://maven.apache.org/surefire/maven-surefire-plugin/xsd/surefire-test-report.xsd" name="org.apache.commons.text.StrSubstitutorTest" time="0.011" tests="41" errors="0" skipped="0" failures="0">
  <properties>
[...]
</properties>
  <testcase name="testSubstitutePreserveEscape" classname="org.apache.commons.text.StrSubstitutorTest" time="0"/>
  <testcase name="testReplaceEscaping" classname="org.apache.commons.text.StrSubstitutorTest" time="0"/>
  <testcase name="testReplaceSoloEscaping" classname="org.apache.commons.text.StrSubstitutorTest" time="0"/>
  <testcase name="testSubstituteDefaultProperties" classname="org.apache.commons.text.StrSubstitutorTest" time="0"/>
  <testcase name="testReplaceNoPrefixSuffix" classname="org.apache.commons.text.StrSubstitutorTest" time="0"/>
  <testcase name="testCyclicReplacement" classname="org.apache.commons.text.StrSubstitutorTest" time="0"/>
  <testcase name="testReplaceToIdentical" classname="org.apache.commons.text.StrSubstitutorTest" time="0"/>
  <testcase name="testReplaceSimple" classname="org.apache.commons.text.StrSubstitutorTest" time="0"/>
  <testcase name="testStaticReplacePrefixSuffix" classname="org.apache.commons.text.StrSubstitutorTest" time="0"/>
  <testcase name="testReplaceRecursive" classname="org.apache.commons.text.StrSubstitutorTest" time="0"/>
  <testcase name="testConstructorMapPrefixSuffix" classname="org.apache.commons.text.StrSubstitutorTest" time="0"/>
  <testcase name="testSamePrefixAndSuffix" classname="org.apache.commons.text.StrSubstitutorTest" time="0"/>
  <testcase name="testStaticReplace" classname="org.apache.commons.text.StrSubstitutorTest" time="0"/>
  <testcase name="testReplaceUnknownKey" classname="org.apache.commons.text.StrSubstitutorTest" time="0"/>
  <testcase name="testReplaceNoPrefixNoSuffix" classname="org.apache.commons.text.StrSubstitutorTest" time="0"/>
  <testcase name="testStaticReplaceSystemProperties" classname="org.apache.commons.text.StrSubstitutorTest" time="0"/>
  <testcase name="testReplaceInVariableRecursive" classname="org.apache.commons.text.StrSubstitutorTest" time="0"/>
  <testcase name="testConstructorNoArgs" classname="org.apache.commons.text.StrSubstitutorTest" time="0.001"/>
  <testcase name="testReplaceAdjacentAtEnd" classname="org.apache.commons.text.StrSubstitutorTest" time="0"/>
  <testcase name="testReplaceNull" classname="org.apache.commons.text.StrSubstitutorTest" time="0"/>
  <testcase name="testReplaceSolo" classname="org.apache.commons.text.StrSubstitutorTest" time="0"/>
  <testcase name="testLANG1055" classname="org.apache.commons.text.StrSubstitutorTest" time="0.001"/>
  <testcase name="testReplaceChangedMap" classname="org.apache.commons.text.StrSubstitutorTest" time="0"/>
  <testcase name="testReplaceWeirdPattens" classname="org.apache.commons.text.StrSubstitutorTest" time="0.001"/>
  <testcase name="testReplaceEmptyKeys" classname="org.apache.commons.text.StrSubstitutorTest" time="0.001"/>
  <testcase name="testDefaultValueDelimiters" classname="org.apache.commons.text.StrSubstitutorTest" time="0"/>
  <testcase name="testReplaceNoVariables" classname="org.apache.commons.text.StrSubstitutorTest" time="0"/>
  <testcase name="testReplaceComplexEscaping" classname="org.apache.commons.text.StrSubstitutorTest" time="0.002"/>
  <testcase name="testReplaceInVariable" classname="org.apache.commons.text.StrSubstitutorTest" time="0"/>
  <testcase name="testReplacePrefixNoSuffix" classname="org.apache.commons.text.StrSubstitutorTest" time="0.001"/>
  <testcase name="testResolveVariable" classname="org.apache.commons.text.StrSubstitutorTest" time="0.001"/>
  <testcase name="testGetSetValueDelimiter" classname="org.apache.commons.text.StrSubstitutorTest" time="0"/>
  <testcase name="testReplaceInVariableDisabled" classname="org.apache.commons.text.StrSubstitutorTest" time="0"/>
  <testcase name="testReplaceIncompletePrefix" classname="org.apache.commons.text.StrSubstitutorTest" time="0.001"/>
  <testcase name="testGetSetEscape" classname="org.apache.commons.text.StrSubstitutorTest" time="0"/>
  <testcase name="testReplaceAdjacentAtStart" classname="org.apache.commons.text.StrSubstitutorTest" time="0"/>
  <testcase name="testReplaceEmpty" classname="org.apache.commons.text.StrSubstitutorTest" time="0"/>
  <testcase name="testGetSetPrefix" classname="org.apache.commons.text.StrSubstitutorTest" time="0"/>
  <testcase name="testConstructorMapFull" classname="org.apache.commons.text.StrSubstitutorTest" time="0.001"/>
  <testcase name="testGetSetSuffix" classname="org.apache.commons.text.StrSubstitutorTest" time="0"/>
  <testcase name="testReplacePartialString_noReplace" classname="org.apache.commons.text.StrSubstitutorTest" time="0"/>
</testsuite>